--------------------------------------------------------------------------------
Release 14.7 Trace  (nt64)
Copyright (c) 1995-2013 Xilinx, Inc.  All rights reserved.

C:\Xilinx\14.7\ISE_DS\ISE\bin\nt64\unwrapped\trce.exe -intstyle ise -v 3 -s 3
-n 3 -fastpaths -xml PongwithSoundandFeatures.twx PongwithSoundandFeatures.ncd
-o PongwithSoundandFeatures.twr PongwithSoundandFeatures.pcf -ucf
pongNewDriverTemplate2015Spring.ucf

Design file:              PongwithSoundandFeatures.ncd
Physical constraint file: PongwithSoundandFeatures.pcf
Device,package,speed:     xc6slx16,csg324,C,-3 (PRODUCTION 1.23 2013-10-13)
Report level:             verbose report

Environment Variable      Effect 
--------------------      ------ 
NONE                      No environment variables were set
--------------------------------------------------------------------------------

INFO:Timing:2698 - No timing constraints found, doing default enumeration.
INFO:Timing:3412 - To improve timing, see the Timing Closure User Guide (UG612).
INFO:Timing:2752 - To get complete path coverage, use the unconstrained paths 
   option. All paths that are not constrained will be reported in the 
   unconstrained paths section(s) of the report.
INFO:Timing:3339 - The clock-to-out numbers in this timing report are based on 
   a 50 Ohm transmission line loading model.  For the details of this model, 
   and for more information on accounting for different loading conditions, 
   please see the device datasheet.



Data Sheet report:
-----------------
All values displayed in nanoseconds (ns)

Setup/Hold to clock Clock
------------+------------+------------+------------+------------+------------------+--------+
            |Max Setup to|  Process   |Max Hold to |  Process   |                  | Clock  |
Source      | clk (edge) |   Corner   | clk (edge) |   Corner   |Internal Clock(s) | Phase  |
------------+------------+------------+------------+------------+------------------+--------+
Reset       |    8.261(R)|      SLOW  |   -0.579(R)|      SLOW  |Clock_BUFGP       |   0.000|
SDA         |    1.225(R)|      SLOW  |    0.161(R)|      SLOW  |Clock_BUFGP       |   0.000|
go          |    2.684(R)|      SLOW  |   -1.353(R)|      FAST  |Clock_BUFGP       |   0.000|
rota        |    0.761(R)|      FAST  |    0.010(R)|      SLOW  |Clock_BUFGP       |   0.000|
rotb        |    0.918(R)|      FAST  |   -0.190(R)|      SLOW  |Clock_BUFGP       |   0.000|
------------+------------+------------+------------+------------+------------------+--------+

Clock Clock to Pad
------------+-----------------+------------+-----------------+------------+------------------+--------+
            |Max (slowest) clk|  Process   |Min (fastest) clk|  Process   |                  | Clock  |
Destination |  (edge) to PAD  |   Corner   |  (edge) to PAD  |   Corner   |Internal Clock(s) | Phase  |
------------+-----------------+------------+-----------------+------------+------------------+--------+
SCL         |         7.306(R)|      SLOW  |         3.907(R)|      FAST  |Clock_BUFGP       |   0.000|
SDA         |        10.310(R)|      SLOW  |         3.705(R)|      FAST  |Clock_BUFGP       |   0.000|
Speaker     |        11.928(R)|      SLOW  |         6.620(R)|      FAST  |Clock_BUFGP       |   0.000|
blue<0>     |        16.797(R)|      SLOW  |         5.366(R)|      FAST  |Clock_BUFGP       |   0.000|
blue<1>     |        14.844(R)|      SLOW  |         6.051(R)|      FAST  |Clock_BUFGP       |   0.000|
green<2>    |        17.762(R)|      SLOW  |         5.461(R)|      FAST  |Clock_BUFGP       |   0.000|
hsync       |        11.691(R)|      SLOW  |         6.224(R)|      FAST  |Clock_BUFGP       |   0.000|
red<2>      |        15.463(R)|      SLOW  |         5.791(R)|      FAST  |Clock_BUFGP       |   0.000|
temp<0>     |         9.426(R)|      SLOW  |         5.435(R)|      FAST  |Clock_BUFGP       |   0.000|
temp<1>     |         9.473(R)|      SLOW  |         5.485(R)|      FAST  |Clock_BUFGP       |   0.000|
temp<2>     |         9.622(R)|      SLOW  |         5.616(R)|      FAST  |Clock_BUFGP       |   0.000|
temp<3>     |         9.411(R)|      SLOW  |         5.428(R)|      FAST  |Clock_BUFGP       |   0.000|
temp<4>     |         9.421(R)|      SLOW  |         5.382(R)|      FAST  |Clock_BUFGP       |   0.000|
temp<5>     |         9.654(R)|      SLOW  |         5.567(R)|      FAST  |Clock_BUFGP       |   0.000|
temp<6>     |         9.511(R)|      SLOW  |         5.514(R)|      FAST  |Clock_BUFGP       |   0.000|
temp<7>     |         9.539(R)|      SLOW  |         5.531(R)|      FAST  |Clock_BUFGP       |   0.000|
vsync       |        11.715(R)|      SLOW  |         6.080(R)|      FAST  |Clock_BUFGP       |   0.000|
------------+-----------------+------------+-----------------+------------+------------------+--------+

Clock to Setup on destination clock Clock
---------------+---------+---------+---------+---------+
               | Src:Rise| Src:Fall| Src:Rise| Src:Fall|
Source Clock   |Dest:Rise|Dest:Rise|Dest:Fall|Dest:Fall|
---------------+---------+---------+---------+---------+
Clock          |    5.883|         |         |         |
---------------+---------+---------+---------+---------+


Analysis completed Wed May 20 10:05:28 2015 
--------------------------------------------------------------------------------

Trace Settings:
-------------------------
Trace Settings 

Peak Memory Usage: 225 MB



