INFO:sim:172 - Generating IP...
Resolving generics for 'Clock50MHz'...
Applying external generics to 'Clock50MHz'...
Delivering associated files for 'Clock50MHz'...
WARNING:sim - Component clk_wiz_v3_6 does not have a valid model name for
   Verilog synthesis
Delivering EJava files for 'Clock50MHz'...
Delivered 3 files into directory C:/Users/stollcj.001/Documents/Spring 2014/ECE
333/Final Project/VGAControllerPhase2/ipcore_dir/tmp/_cg/Clock50MHz
Delivered 1 file into directory C:/Users/stollcj.001/Documents/Spring 2014/ECE
333/Final Project/VGAControllerPhase2/ipcore_dir/tmp/_cg/Clock50MHz
Generating ASY schematic symbol...
Loading device for application Rf_Device from file '6slx16.nph' in environment
C:\Xilinx\14.7\ISE_DS\ISE\.
INFO:sim:949 - Finished generation of ASY schematic symbol.
Generating SYM schematic symbol for 'Clock50MHz'...
Generating ISE project...
XCO file found: Clock50MHz.xco
XMDF file found: Clock50MHz_xmdf.tcl
Adding C:/Users/stollcj.001/Documents/Spring 2014/ECE 333/Final
Project/VGAControllerPhase2/ipcore_dir/tmp/_cg/Clock50MHz.asy -view all
-origin_type imported
Adding C:/Users/stollcj.001/Documents/Spring 2014/ECE 333/Final
Project/VGAControllerPhase2/ipcore_dir/tmp/_cg/Clock50MHz.ucf -view all
-origin_type created
Adding C:/Users/stollcj.001/Documents/Spring 2014/ECE 333/Final
Project/VGAControllerPhase2/ipcore_dir/tmp/_cg/Clock50MHz.v -view all
-origin_type created
INFO:HDLCompiler:1845 - Analyzing Verilog file
   "C:/Users/stollcj.001/Documents/Spring 2014/ECE 333/Final
   Project/VGAControllerPhase2/ipcore_dir/tmp/_cg/Clock50MHz.v" into library
   work
INFO:ProjectMgmt - Parsing design hierarchy completed successfully.
Adding C:/Users/stollcj.001/Documents/Spring 2014/ECE 333/Final
Project/VGAControllerPhase2/ipcore_dir/tmp/_cg/Clock50MHz.veo -view all
-origin_type imported
INFO:TclTasksC:2116 - The automatic calculation of top has been turned-off.
   Please set the new top explicitly by running the "project set top" command.
   To re-calculate the new top automatically, set the "Auto Implementation Top"
   property to true.
Top level has been set to "/Clock50MHz"
Generating README file...
Generating FLIST file...
INFO:sim:948 - Finished FLIST file generation.
Launching README viewer...
Moving files to output directory...
Finished moving files to output directory
Wrote CGP file for project 'Clock50MHz'.
